Using pre-set license
Built from '2022.3/staging' branch; Version is '2022.3.9f1 (ea401c316338) revision 15351836'; Using compiler version '192829333'; Build Type 'Release'
OS: 'Windows 11  (10.0.22631) 64bit Core' Language: 'en' Physical Memory: 16077 MB
BatchMode: 1, IsHumanControllingUs: 0, StartBugReporterOnCrash: 0, Is64bit: 1, IsPro: 1

COMMAND LINE ARGUMENTS:
C:\Program Files\Unity\Hub\Editor\2022.3.9f1\Editor\Unity.exe
-adb2
-batchMode
-noUpm
-name
AssetImportWorker2
-projectPath
C:/Users/okuzm/OneDrive/Документы/GitHub/FirstPersonProject/FirstPersonProject
-logFile
Logs/AssetImportWorker2.log
-srvPort
61803
Successfully changed project path to: C:/Users/okuzm/OneDrive/Документы/GitHub/FirstPersonProject/FirstPersonProject
C:/Users/okuzm/OneDrive/Документы/GitHub/FirstPersonProject/FirstPersonProject
[UnityMemory] Configuration Parameters - Can be set up in boot.config
    "memorysetup-bucket-allocator-granularity=16"
    "memorysetup-bucket-allocator-bucket-count=8"
    "memorysetup-bucket-allocator-block-size=33554432"
    "memorysetup-bucket-allocator-block-count=8"
    "memorysetup-main-allocator-block-size=16777216"
    "memorysetup-thread-allocator-block-size=16777216"
    "memorysetup-gfx-main-allocator-block-size=16777216"
    "memorysetup-gfx-thread-allocator-block-size=16777216"
    "memorysetup-cache-allocator-block-size=4194304"
    "memorysetup-typetree-allocator-block-size=2097152"
    "memorysetup-profiler-bucket-allocator-granularity=16"
    "memorysetup-profiler-bucket-allocator-bucket-count=8"
    "memorysetup-profiler-bucket-allocator-block-size=33554432"
    "memorysetup-profiler-bucket-allocator-block-count=8"
    "memorysetup-profiler-allocator-block-size=16777216"
    "memorysetup-profiler-editor-allocator-block-size=1048576"
    "memorysetup-temp-allocator-size-main=16777216"
    "memorysetup-job-temp-allocator-block-size=2097152"
    "memorysetup-job-temp-allocator-block-size-background=1048576"
    "memorysetup-job-temp-allocator-reduction-small-platforms=262144"
    "memorysetup-allocator-temp-initial-block-size-main=262144"
    "memorysetup-allocator-temp-initial-block-size-worker=262144"
    "memorysetup-temp-allocator-size-background-worker=32768"
    "memorysetup-temp-allocator-size-job-worker=262144"
    "memorysetup-temp-allocator-size-preload-manager=33554432"
    "memorysetup-temp-allocator-size-nav-mesh-worker=65536"
    "memorysetup-temp-allocator-size-audio-worker=65536"
    "memorysetup-temp-allocator-size-cloud-worker=32768"
    "memorysetup-temp-allocator-size-gi-baking-worker=262144"
    "memorysetup-temp-allocator-size-gfx=262144"
Player connection [6200] Host "[IP] 192.168.0.36 [Port] 0 [Flags] 2 [Guid] 2141677029 [EditorId] 2141677029 [Version] 1048832 [Id] WindowsEditor(7,HP_ENVY) [Debug] 1 [PackageName] WindowsEditor [ProjectName] Editor" joined multi-casting on [225.0.0.222:54997]...

Player connection [6200] Host "[IP] 192.168.0.36 [Port] 0 [Flags] 2 [Guid] 2141677029 [EditorId] 2141677029 [Version] 1048832 [Id] WindowsEditor(7,HP_ENVY) [Debug] 1 [PackageName] WindowsEditor [ProjectName] Editor" joined alternative multi-casting on [225.0.0.222:34997]...

[Physics::Module] Initialized MultithreadedJobDispatcher with 19 workers.
Refreshing native plugins compatible for Editor in 2662.69 ms, found 3 plugins.
Preloading 0 native plugins for Editor in 0.00 ms.
Initialize engine version: 2022.3.9f1 (ea401c316338)
[Subsystems] Discovering subsystems at path C:/Program Files/Unity/Hub/Editor/2022.3.9f1/Editor/Data/Resources/UnitySubsystems
[Subsystems] Discovering subsystems at path C:/Users/okuzm/OneDrive/Документы/GitHub/FirstPersonProject/FirstPersonProject/Assets
GfxDevice: creating device client; threaded=0; jobified=0
Direct3D:
    Version:  Direct3D 11.0 [level 11.1]
    Renderer: Microsoft Basic Render Driver (ID=0x8c)
    Vendor:   Microsoft
    VRAM:     8038 MB
Initialize mono
Mono path[0] = 'C:/Program Files/Unity/Hub/Editor/2022.3.9f1/Editor/Data/Managed'
Mono path[1] = 'C:/Program Files/Unity/Hub/Editor/2022.3.9f1/Editor/Data/MonoBleedingEdge/lib/mono/unityjit-win32'
Mono config path = 'C:/Program Files/Unity/Hub/Editor/2022.3.9f1/Editor/Data/MonoBleedingEdge/etc'
Using monoOptions --debugger-agent=transport=dt_socket,embedding=1,server=y,suspend=n,address=127.0.0.1:56404
Begin MonoManager ReloadAssembly
Registering precompiled unity dll's ...
Register platform support module: C:/Program Files/Unity/Hub/Editor/2022.3.9f1/Editor/Data/PlaybackEngines/AndroidPlayer/UnityEditor.Android.Extensions.dll
Register platform support module: C:/Program Files/Unity/Hub/Editor/2022.3.9f1/Editor/Data/PlaybackEngines/WindowsStandaloneSupport/UnityEditor.WindowsStandalone.Extensions.dll
Registered in 0.372298 seconds.
- Loaded All Assemblies, in 13.456 seconds
Native extension for WindowsStandalone target not found
Native extension for Android target not found
Android Extension - Scanning For ADB Devices 5559 ms
Mono: successfully reloaded assembly
- Finished resetting the current domain, in  6.021 seconds
Domain Reload Profiling: 19475ms
	BeginReloadAssembly (10305ms)
		ExecutionOrderSort (0ms)
		DisableScriptedObjects (0ms)
		BackupInstance (0ms)
		ReleaseScriptingObjects (0ms)
		CreateAndSetChildDomain (1ms)
	RebuildCommonClasses (849ms)
	RebuildNativeTypeToScriptingClass (7ms)
	initialDomainReloadingComplete (414ms)
	LoadAllAssembliesAndSetupDomain (1879ms)
		LoadAssemblies (10302ms)
		RebuildTransferFunctionScriptingTraits (0ms)
		AnalyzeDomain (1876ms)
			TypeCache.Refresh (1875ms)
				TypeCache.ScanAssembly (1524ms)
			ScanForSourceGeneratedMonoScriptInfo (0ms)
			ResolveRequiredComponents (0ms)
	FinalizeReload (6021ms)
		ReleaseScriptCaches (0ms)
		RebuildScriptCaches (0ms)
		SetupLoadedEditorAssemblies (5972ms)
			LogAssemblyErrors (0ms)
			InitializePlatformSupportModulesInManaged (5829ms)
			SetLoadedEditorAssemblies (5ms)
			RefreshPlugins (0ms)
			BeforeProcessingInitializeOnLoad (3ms)
			ProcessInitializeOnLoadAttributes (97ms)
			ProcessInitializeOnLoadMethodAttributes (38ms)
			AfterProcessingInitializeOnLoad (0ms)
			EditorAssembliesLoaded (0ms)
		ExecutionOrderSort2 (0ms)
		AwakeInstancesAfterBackupRestoration (0ms)
========================================================================
Worker process is ready to serve import requests
Begin MonoManager ReloadAssembly
- Loaded All Assemblies, in  9.862 seconds
Refreshing native plugins compatible for Editor in 2.43 ms, found 3 plugins.
Native extension for WindowsStandalone target not found
Native extension for Android target not found
Package Manager log level set to [2]
[Package Manager] Server::EnsureServerProcessIsRunning -- launch failed, reason: Unity was launched with the -noUpm command-line argument
[Package Manager] UpmClient::Send -- Unable to send message (not connected to UPM process).
[Package Manager] Cannot connect to Unity Package Manager local server
Mono: successfully reloaded assembly
- Finished resetting the current domain, in  0.446 seconds
Domain Reload Profiling: 10306ms
	BeginReloadAssembly (138ms)
		ExecutionOrderSort (0ms)
		DisableScriptedObjects (3ms)
		BackupInstance (0ms)
		ReleaseScriptingObjects (0ms)
		CreateAndSetChildDomain (20ms)
	RebuildCommonClasses (25ms)
	RebuildNativeTypeToScriptingClass (9ms)
	initialDomainReloadingComplete (32ms)
	LoadAllAssembliesAndSetupDomain (9655ms)
		LoadAssemblies (8693ms)
		RebuildTransferFunctionScriptingTraits (0ms)
		AnalyzeDomain (1048ms)
			TypeCache.Refresh (1031ms)
				TypeCache.ScanAssembly (911ms)
			ScanForSourceGeneratedMonoScriptInfo (10ms)
			ResolveRequiredComponents (6ms)
	FinalizeReload (447ms)
		ReleaseScriptCaches (0ms)
		RebuildScriptCaches (0ms)
		SetupLoadedEditorAssemblies (317ms)
			LogAssemblyErrors (0ms)
			InitializePlatformSupportModulesInManaged (18ms)
			SetLoadedEditorAssemblies (2ms)
			RefreshPlugins (0ms)
			BeforeProcessingInitializeOnLoad (44ms)
			ProcessInitializeOnLoadAttributes (233ms)
			ProcessInitializeOnLoadMethodAttributes (14ms)
			AfterProcessingInitializeOnLoad (6ms)
			EditorAssembliesLoaded (0ms)
		ExecutionOrderSort2 (0ms)
		AwakeInstancesAfterBackupRestoration (6ms)
Launched and connected shader compiler UnityShaderCompiler.exe after 0.12 seconds
Refreshing native plugins compatible for Editor in 3.23 ms, found 3 plugins.
Preloading 0 native plugins for Editor in 0.00 ms.
Unloading 3078 Unused Serialized files (Serialized files now loaded: 0)
Unloading 31 unused Assets / (56.3 KB). Loaded Objects now: 3545.
Memory consumption went from 120.9 MB to 120.8 MB.
Total: 4.186300 ms (FindLiveObjects: 0.181100 ms CreateObjectMapping: 0.065800 ms MarkObjects: 3.818800 ms  DeleteObjects: 0.119900 ms)

AssetImportParameters requested are different than current active one (requested -> active):
  custom:container-demuxer-ogg: 62fdf1f143b41e24485cea50d1cbac27 -> 
  custom:video-codec-MediaFoundation-h265: 746d11721c4dcdbdad8f713fa42b33f4 -> 
  custom:video-decoder-ogg-theora: a1e56fd34408186e4bbccfd4996cb3dc -> 
  custom:framework-win-MediaFoundation: 216162199b28c13a410421893ffa2e32 -> 
  custom:CustomObjectIndexerAttribute: 756ad292c208cfabdd7b50bc23989ffe -> 
  custom:container-demuxer-webm: 4f35f7cbe854078d1ac9338744f61a02 -> 
  custom:container-muxer-webm: aa71ff27fc2769a1b78a27578f13a17b -> 
  custom:video-decoder-webm-vp8: 9c59270c3fd7afecdb556c50c9e8de78 -> 
  custom:SearchIndexIgnoredProperties: e643bd26f0fe6173181afceb89e7c659 -> 
  custom:AudioImporter_EditorPlatform: d09bf68614088b80899f8185d706f6e7 -> 
  custom:video-encoder-webm-vp8: eb34c28f22e8b96e1ab97ce403110664 -> 
  custom:audio-decoder-ogg-vorbis: bf7c407c2cedff20999df2af8eb42d56 -> 
  custom:audio-encoder-webm-vorbis: bf7c407c2cedff20999df2af8eb42d56 -> 
========================================================================
Received Import Request.
  Time since last request: 531346.176597 seconds.
  path: Assets/StoneUI/Samples/frames.png
  artifactKey: Guid(0ac74d94757d592499d425a6a6808bb8) Importer(815301076,1909f56bfc062723c751e8b465ee728b)
Start importing Assets/StoneUI/Samples/frames.png using Guid(0ac74d94757d592499d425a6a6808bb8) Importer(815301076,1909f56bfc062723c751e8b465ee728b)  -> (artifact id: '3d24c61e6d2be21047d11224982b6f14') in 0.196457 seconds
Number of updated asset objects reloaded before import = 0
Number of asset objects unloaded after import = 13
========================================================================
Received Import Request.
  Time since last request: 2.154064 seconds.
  path: Assets/StoneUI/Samples/frames5.png
  artifactKey: Guid(ef4714cbdfc4e1045a2fa8cece982117) Importer(815301076,1909f56bfc062723c751e8b465ee728b)
Start importing Assets/StoneUI/Samples/frames5.png using Guid(ef4714cbdfc4e1045a2fa8cece982117) Importer(815301076,1909f56bfc062723c751e8b465ee728b)  -> (artifact id: '08486fdad8a711803b3639df6bf58735') in 0.046148 seconds
Number of updated asset objects reloaded before import = 0
Number of asset objects unloaded after import = 3
========================================================================
Received Import Request.
  Time since last request: 0.000018 seconds.
  path: Assets/StoneUI/Samples/frames2.png
  artifactKey: Guid(da68d2dff23c9104e8938ce1923de066) Importer(815301076,1909f56bfc062723c751e8b465ee728b)
Start importing Assets/StoneUI/Samples/frames2.png using Guid(da68d2dff23c9104e8938ce1923de066) Importer(815301076,1909f56bfc062723c751e8b465ee728b)  -> (artifact id: '75f021ff705a8173317a8fb058f5b4d8') in 0.051262 seconds
Number of updated asset objects reloaded before import = 0
Number of asset objects unloaded after import = 3
========================================================================
Received Import Request.
  Time since last request: 0.265931 seconds.
  path: Assets/StoneUI/Samples/frames1.png
  artifactKey: Guid(a8d19e590933d3f44923a43ad3b057bc) Importer(815301076,1909f56bfc062723c751e8b465ee728b)
Start importing Assets/StoneUI/Samples/frames1.png using Guid(a8d19e590933d3f44923a43ad3b057bc) Importer(815301076,1909f56bfc062723c751e8b465ee728b)  -> (artifact id: '635e3905c2b78785a891c1ffc658e8d3') in 0.078634 seconds
Number of updated asset objects reloaded before import = 0
Number of asset objects unloaded after import = 13
========================================================================
Received Import Request.
  Time since last request: 0.259455 seconds.
  path: Assets/StoneUI/Buttons_512x512/Rock_white/button_white50.png
  artifactKey: Guid(f3fb1261e6066bb4592b23d6536c4d25) Importer(815301076,1909f56bfc062723c751e8b465ee728b)
Start importing Assets/StoneUI/Buttons_512x512/Rock_white/button_white50.png using Guid(f3fb1261e6066bb4592b23d6536c4d25) Importer(815301076,1909f56bfc062723c751e8b465ee728b)  -> (artifact id: '26b9c0f66fb3d0ce36c35ce68e25362d') in 0.028710 seconds
Number of updated asset objects reloaded before import = 0
Number of asset objects unloaded after import = 3
========================================================================
Received Import Request.
  Time since last request: 0.000016 seconds.
  path: Assets/StoneUI/Buttons_512x512/Rock_white/button_white48.png
  artifactKey: Guid(08d56b43e15869f40a029161db4a184a) Importer(815301076,1909f56bfc062723c751e8b465ee728b)
Start importing Assets/StoneUI/Buttons_512x512/Rock_white/button_white48.png using Guid(08d56b43e15869f40a029161db4a184a) Importer(815301076,1909f56bfc062723c751e8b465ee728b)  -> (artifact id: '092a1d1f61bc375da479c5cab811ace5') in 0.032710 seconds
Number of updated asset objects reloaded before import = 0
Number of asset objects unloaded after import = 3
========================================================================
Received Import Request.
  Time since last request: 0.000019 seconds.
  path: Assets/StoneUI/Buttons_512x512/Rock_white/button_white45.png
  artifactKey: Guid(b9090bf9cda4fd3438207e8599eda305) Importer(815301076,1909f56bfc062723c751e8b465ee728b)
Start importing Assets/StoneUI/Buttons_512x512/Rock_white/button_white45.png using Guid(b9090bf9cda4fd3438207e8599eda305) Importer(815301076,1909f56bfc062723c751e8b465ee728b)  -> (artifact id: '26c1df310f1b59a93cea898e440c5618') in 0.044080 seconds
Number of updated asset objects reloaded before import = 0
Number of asset objects unloaded after import = 3
========================================================================
Received Import Request.
  Time since last request: 0.000017 seconds.
  path: Assets/StoneUI/Buttons_512x512/Rock_white/button_white44.png
  artifactKey: Guid(6659b4a106da504488b1f810ffd4ba4d) Importer(815301076,1909f56bfc062723c751e8b465ee728b)
Start importing Assets/StoneUI/Buttons_512x512/Rock_white/button_white44.png using Guid(6659b4a106da504488b1f810ffd4ba4d) Importer(815301076,1909f56bfc062723c751e8b465ee728b)  -> (artifact id: 'f639ee9c82e74a04defdb9a6a3d73c68') in 0.031009 seconds
Number of updated asset objects reloaded before import = 0
Number of asset objects unloaded after import = 3
========================================================================
Received Import Request.
  Time since last request: 0.111259 seconds.
  path: Assets/StoneUI/Buttons_512x512/Rock_white/button_white42.png
  artifactKey: Guid(0b225aa7464d38a4d807cd6c852d140a) Importer(815301076,1909f56bfc062723c751e8b465ee728b)
Start importing Assets/StoneUI/Buttons_512x512/Rock_white/button_white42.png using Guid(0b225aa7464d38a4d807cd6c852d140a) Importer(815301076,1909f56bfc062723c751e8b465ee728b)  -> (artifact id: '549ea474838205d8b0619ea1b012d2b0') in 0.030625 seconds
Number of updated asset objects reloaded before import = 0
Number of asset objects unloaded after import = 3
========================================================================
Received Import Request.
  Time since last request: 0.010547 seconds.
  path: Assets/StoneUI/Buttons_512x512/Rock_white/button_white39.png
  artifactKey: Guid(ac5591b953afc354c875528d8c222ed2) Importer(815301076,1909f56bfc062723c751e8b465ee728b)
Start importing Assets/StoneUI/Buttons_512x512/Rock_white/button_white39.png using Guid(ac5591b953afc354c875528d8c222ed2) Importer(815301076,1909f56bfc062723c751e8b465ee728b)  -> (artifact id: '2d1cbfcd900c5136ce0dd60a43b6b98a') in 0.037487 seconds
Number of updated asset objects reloaded before import = 0
Number of asset objects unloaded after import = 3
========================================================================
Received Import Request.
  Time since last request: 0.000044 seconds.
  path: Assets/StoneUI/Buttons_512x512/Rock_white/button_white40.png
  artifactKey: Guid(89c95cc7b47883f438d991e46e5f7a8d) Importer(815301076,1909f56bfc062723c751e8b465ee728b)
Start importing Assets/StoneUI/Buttons_512x512/Rock_white/button_white40.png using Guid(89c95cc7b47883f438d991e46e5f7a8d) Importer(815301076,1909f56bfc062723c751e8b465ee728b)  -> (artifact id: '778ffd06b69fa6df6c84be87800fff3f') in 0.034577 seconds
Number of updated asset objects reloaded before import = 0
Number of asset objects unloaded after import = 3
========================================================================
Received Import Request.
  Time since last request: 0.000034 seconds.
  path: Assets/StoneUI/Buttons_512x512/Rock_white/button_white34.png
  artifactKey: Guid(20ff52ccd8c05ea4ba0fbe34fd1b8523) Importer(815301076,1909f56bfc062723c751e8b465ee728b)
Start importing Assets/StoneUI/Buttons_512x512/Rock_white/button_white34.png using Guid(20ff52ccd8c05ea4ba0fbe34fd1b8523) Importer(815301076,1909f56bfc062723c751e8b465ee728b)  -> (artifact id: 'cf0ff55fb9549713f60a71afba40409f') in 0.034535 seconds
Number of updated asset objects reloaded before import = 0
Number of asset objects unloaded after import = 3
========================================================================
Received Import Request.
  Time since last request: 0.000030 seconds.
  path: Assets/StoneUI/Buttons_512x512/Rock_white/button_white38.png
  artifactKey: Guid(9a3ad66a5369e714ba3db11df0ba2462) Importer(815301076,1909f56bfc062723c751e8b465ee728b)
Start importing Assets/StoneUI/Buttons_512x512/Rock_white/button_white38.png using Guid(9a3ad66a5369e714ba3db11df0ba2462) Importer(815301076,1909f56bfc062723c751e8b465ee728b)  -> (artifact id: '8dcf50fef81de9ed3108c818314164f9') in 0.041185 seconds
Number of updated asset objects reloaded before import = 0
Number of asset objects unloaded after import = 3
========================================================================
Received Import Request.
  Time since last request: 0.069355 seconds.
  path: Assets/StoneUI/Buttons_512x512/Rock_white/button_white32.png
  artifactKey: Guid(3a4a3aeb99136a743b66e4b9b4b40245) Importer(815301076,1909f56bfc062723c751e8b465ee728b)
Start importing Assets/StoneUI/Buttons_512x512/Rock_white/button_white32.png using Guid(3a4a3aeb99136a743b66e4b9b4b40245) Importer(815301076,1909f56bfc062723c751e8b465ee728b)  -> (artifact id: '16add8f1e4bc9de380292ab4ee8cbca9') in 0.023775 seconds
Number of updated asset objects reloaded before import = 0
Number of asset objects unloaded after import = 3
========================================================================
Received Import Request.
  Time since last request: 0.000439 seconds.
  path: Assets/StoneUI/Buttons_512x512/Rock_white/button_white31.png
  artifactKey: Guid(2cd539767e7076341a6f14ca4de33446) Importer(815301076,1909f56bfc062723c751e8b465ee728b)
Start importing Assets/StoneUI/Buttons_512x512/Rock_white/button_white31.png using Guid(2cd539767e7076341a6f14ca4de33446) Importer(815301076,1909f56bfc062723c751e8b465ee728b)  -> (artifact id: 'ace10913f2bb95e8a50370fb3a282b9e') in 0.031902 seconds
Number of updated asset objects reloaded before import = 0
Number of asset objects unloaded after import = 3
========================================================================
Received Import Request.
  Time since last request: 0.061625 seconds.
  path: Assets/StoneUI/Buttons_512x512/Rock_white/button_white24.png
  artifactKey: Guid(8c0210648cf156a4bb3b8d5051199564) Importer(815301076,1909f56bfc062723c751e8b465ee728b)
Start importing Assets/StoneUI/Buttons_512x512/Rock_white/button_white24.png using Guid(8c0210648cf156a4bb3b8d5051199564) Importer(815301076,1909f56bfc062723c751e8b465ee728b)  -> (artifact id: '3c3271e51a61a503472ef58efd7fc8a1') in 0.024192 seconds
Number of updated asset objects reloaded before import = 0
Number of asset objects unloaded after import = 3
========================================================================
Received Import Request.
  Time since last request: 0.000044 seconds.
  path: Assets/StoneUI/Buttons_512x512/Rock_white/button_white26.png
  artifactKey: Guid(c88efd9829acd684ab4c5af00febcb72) Importer(815301076,1909f56bfc062723c751e8b465ee728b)
Start importing Assets/StoneUI/Buttons_512x512/Rock_white/button_white26.png using Guid(c88efd9829acd684ab4c5af00febcb72) Importer(815301076,1909f56bfc062723c751e8b465ee728b)  -> (artifact id: '8d144211498debea35b05bea8d072b75') in 0.033045 seconds
Number of updated asset objects reloaded before import = 0
Number of asset objects unloaded after import = 3
========================================================================
Received Import Request.
  Time since last request: 0.000300 seconds.
  path: Assets/StoneUI/Buttons_512x512/Rock_white/button_white27.png
  artifactKey: Guid(d9873f14a7919cd479f9a5496c0265cc) Importer(815301076,1909f56bfc062723c751e8b465ee728b)
Start importing Assets/StoneUI/Buttons_512x512/Rock_white/button_white27.png using Guid(d9873f14a7919cd479f9a5496c0265cc) Importer(815301076,1909f56bfc062723c751e8b465ee728b)  -> (artifact id: '93c59608dd3af5bd0119983b02c24f79') in 0.033421 seconds
Number of updated asset objects reloaded before import = 0
Number of asset objects unloaded after import = 3
========================================================================
Received Import Request.
  Time since last request: 0.082124 seconds.
  path: Assets/StoneUI/Buttons_512x512/Rock_white/button_white22.png
  artifactKey: Guid(7451780b7a79af545957c607737f5f2f) Importer(815301076,1909f56bfc062723c751e8b465ee728b)
Start importing Assets/StoneUI/Buttons_512x512/Rock_white/button_white22.png using Guid(7451780b7a79af545957c607737f5f2f) Importer(815301076,1909f56bfc062723c751e8b465ee728b)  -> (artifact id: '2012be8ca76402fce9d180c4282d2ef4') in 0.022575 seconds
Number of updated asset objects reloaded before import = 0
Number of asset objects unloaded after import = 3
========================================================================
Received Import Request.
  Time since last request: 0.280090 seconds.
  path: Assets/StoneUI/Buttons_512x512/Rock_white/button_white20.png
  artifactKey: Guid(b00e674c43e45604188d383e38233db5) Importer(815301076,1909f56bfc062723c751e8b465ee728b)
Start importing Assets/StoneUI/Buttons_512x512/Rock_white/button_white20.png using Guid(b00e674c43e45604188d383e38233db5) Importer(815301076,1909f56bfc062723c751e8b465ee728b)  -> (artifact id: '79e81fb6366e81c5dd7cc434004eaed4') in 0.027670 seconds
Number of updated asset objects reloaded before import = 0
Number of asset objects unloaded after import = 3
========================================================================
Received Import Request.
  Time since last request: 0.006477 seconds.
  path: Assets/StoneUI/Buttons_512x512/Rock_white/button_white12.png
  artifactKey: Guid(9dd1833ea654f5a488bee3483ac7abc3) Importer(815301076,1909f56bfc062723c751e8b465ee728b)
Start importing Assets/StoneUI/Buttons_512x512/Rock_white/button_white12.png using Guid(9dd1833ea654f5a488bee3483ac7abc3) Importer(815301076,1909f56bfc062723c751e8b465ee728b)  -> (artifact id: '18c6e5b203d40a90d0aaa7a21f202ec6') in 0.039219 seconds
Number of updated asset objects reloaded before import = 0
Number of asset objects unloaded after import = 3
========================================================================
Received Import Request.
  Time since last request: 0.000481 seconds.
  path: Assets/StoneUI/Buttons_512x512/Rock_white/button_white15.png
  artifactKey: Guid(04adb3651caa26e45b4b153868c704b5) Importer(815301076,1909f56bfc062723c751e8b465ee728b)
Start importing Assets/StoneUI/Buttons_512x512/Rock_white/button_white15.png using Guid(04adb3651caa26e45b4b153868c704b5) Importer(815301076,1909f56bfc062723c751e8b465ee728b)  -> (artifact id: '1ae42020976d8d4e94a107f97e5286b8') in 0.039026 seconds
Number of updated asset objects reloaded before import = 0
Number of asset objects unloaded after import = 3
========================================================================
Received Import Request.
  Time since last request: 0.000127 seconds.
  path: Assets/StoneUI/Buttons_512x512/Rock_white/button_white9.png
  artifactKey: Guid(568a6f35055ac1c47b512cfff2058545) Importer(815301076,1909f56bfc062723c751e8b465ee728b)
Start importing Assets/StoneUI/Buttons_512x512/Rock_white/button_white9.png using Guid(568a6f35055ac1c47b512cfff2058545) Importer(815301076,1909f56bfc062723c751e8b465ee728b)  -> (artifact id: '1d311cf139322d201963c481698a63d4') in 0.029746 seconds
Number of updated asset objects reloaded before import = 0
Number of asset objects unloaded after import = 3
========================================================================
Received Import Request.
  Time since last request: 0.000015 seconds.
  path: Assets/StoneUI/Buttons_512x512/Rock_white/button_white18.png
  artifactKey: Guid(61d9176c12cc2ab4cb5c9ac1978cd72d) Importer(815301076,1909f56bfc062723c751e8b465ee728b)
Start importing Assets/StoneUI/Buttons_512x512/Rock_white/button_white18.png using Guid(61d9176c12cc2ab4cb5c9ac1978cd72d) Importer(815301076,1909f56bfc062723c751e8b465ee728b)  -> (artifact id: '7951f315fcfdf3b0148ade67eb8aa4e9') in 0.034729 seconds
Number of updated asset objects reloaded before import = 0
Number of asset objects unloaded after import = 3
========================================================================
Received Import Request.
  Time since last request: 0.000024 seconds.
  path: Assets/StoneUI/Buttons_512x512/Rock_white/button_white13.png
  artifactKey: Guid(97b6d87b8a014ab4397a262da272ed23) Importer(815301076,1909f56bfc062723c751e8b465ee728b)
Start importing Assets/StoneUI/Buttons_512x512/Rock_white/button_white13.png using Guid(97b6d87b8a014ab4397a262da272ed23) Importer(815301076,1909f56bfc062723c751e8b465ee728b)  -> (artifact id: '2cec22f291ce1ae0b463d01afb5a7d32') in 0.033446 seconds
Number of updated asset objects reloaded before import = 0
Number of asset objects unloaded after import = 3
========================================================================
Received Import Request.
  Time since last request: 0.000138 seconds.
  path: Assets/StoneUI/Buttons_512x512/Rock_white/button_white16.png
  artifactKey: Guid(4df7800284effee46aa611e98fd520b3) Importer(815301076,1909f56bfc062723c751e8b465ee728b)
Start importing Assets/StoneUI/Buttons_512x512/Rock_white/button_white16.png using Guid(4df7800284effee46aa611e98fd520b3) Importer(815301076,1909f56bfc062723c751e8b465ee728b)  -> (artifact id: '8ab9e4f607c6e530dd1dc5f394ee4db5') in 0.032316 seconds
Number of updated asset objects reloaded before import = 0
Number of asset objects unloaded after import = 3
========================================================================
Received Import Request.
  Time since last request: 0.085334 seconds.
  path: Assets/StoneUI/Buttons_512x512/Rock_white/button_white4.png
  artifactKey: Guid(112b57f8a5d596e4cb90c2428861cf3d) Importer(815301076,1909f56bfc062723c751e8b465ee728b)
Start importing Assets/StoneUI/Buttons_512x512/Rock_white/button_white4.png using Guid(112b57f8a5d596e4cb90c2428861cf3d) Importer(815301076,1909f56bfc062723c751e8b465ee728b)  -> (artifact id: 'b6c254c16bc84d46e1f413771c5cb784') in 0.020642 seconds
Number of updated asset objects reloaded before import = 0
Number of asset objects unloaded after import = 3
========================================================================
Received Import Request.
  Time since last request: 0.000017 seconds.
  path: Assets/StoneUI/Buttons_512x512/Rock_white/button_white2.png
  artifactKey: Guid(0db6de6d045970143b41a3b96849dbf1) Importer(815301076,1909f56bfc062723c751e8b465ee728b)
Start importing Assets/StoneUI/Buttons_512x512/Rock_white/button_white2.png using Guid(0db6de6d045970143b41a3b96849dbf1) Importer(815301076,1909f56bfc062723c751e8b465ee728b)  -> (artifact id: '1f829ca7cdaff3756e1234fdf09295b0') in 0.044834 seconds
Number of updated asset objects reloaded before import = 0
Number of asset objects unloaded after import = 3
========================================================================
Received Import Request.
  Time since last request: 0.000024 seconds.
  path: Assets/StoneUI/Buttons_512x512/Rock_white/button_white6.png
  artifactKey: Guid(61509a172b295924497c4a8a689395d5) Importer(815301076,1909f56bfc062723c751e8b465ee728b)
Start importing Assets/StoneUI/Buttons_512x512/Rock_white/button_white6.png using Guid(61509a172b295924497c4a8a689395d5) Importer(815301076,1909f56bfc062723c751e8b465ee728b)  -> (artifact id: 'a10430229cd8ebab72c5ce93beb5b756') in 0.044481 seconds
Number of updated asset objects reloaded before import = 0
Number of asset objects unloaded after import = 3
========================================================================
Received Import Request.
  Time since last request: 0.000034 seconds.
  path: Assets/StoneUI/Buttons_512x512/Rock_white/button_white3.png
  artifactKey: Guid(07abeded7016e60428f7aa37e8facbe3) Importer(815301076,1909f56bfc062723c751e8b465ee728b)
Start importing Assets/StoneUI/Buttons_512x512/Rock_white/button_white3.png using Guid(07abeded7016e60428f7aa37e8facbe3) Importer(815301076,1909f56bfc062723c751e8b465ee728b)  -> (artifact id: 'eae027b97a414c3655ac02fbf8581056') in 0.049806 seconds
Number of updated asset objects reloaded before import = 0
Number of asset objects unloaded after import = 3
========================================================================
Received Import Request.
  Time since last request: 0.085150 seconds.
  path: Assets/StoneUI/Buttons_512x512/Rock_Yellow/button_rock_yellow45.png
  artifactKey: Guid(8407cb9bf1534e34fa0b28f4d7339d2f) Importer(815301076,1909f56bfc062723c751e8b465ee728b)
Start importing Assets/StoneUI/Buttons_512x512/Rock_Yellow/button_rock_yellow45.png using Guid(8407cb9bf1534e34fa0b28f4d7339d2f) Importer(815301076,1909f56bfc062723c751e8b465ee728b)  -> (artifact id: '5759f393806d32d796c7737d67c9fc0e') in 0.032521 seconds
Number of updated asset objects reloaded before import = 0
Number of asset objects unloaded after import = 3
========================================================================
Received Import Request.
  Time since last request: 0.000019 seconds.
  path: Assets/StoneUI/Buttons_512x512/Rock_Yellow/button_rock_yellow49.png
  artifactKey: Guid(a3edb101bb42ca94ea5d75cbe2e13a8d) Importer(815301076,1909f56bfc062723c751e8b465ee728b)
Start importing Assets/StoneUI/Buttons_512x512/Rock_Yellow/button_rock_yellow49.png using Guid(a3edb101bb42ca94ea5d75cbe2e13a8d) Importer(815301076,1909f56bfc062723c751e8b465ee728b)  -> (artifact id: 'e9c1cc48039544a3bf3fd6133b729076') in 0.040525 seconds
Number of updated asset objects reloaded before import = 0
Number of asset objects unloaded after import = 3
========================================================================
Received Import Request.
  Time since last request: 0.000042 seconds.
  path: Assets/StoneUI/Buttons_512x512/Rock_Yellow/button_rock_yellow42.png
  artifactKey: Guid(906a948d501f31c4cac380aa5b9f1a33) Importer(815301076,1909f56bfc062723c751e8b465ee728b)
Start importing Assets/StoneUI/Buttons_512x512/Rock_Yellow/button_rock_yellow42.png using Guid(906a948d501f31c4cac380aa5b9f1a33) Importer(815301076,1909f56bfc062723c751e8b465ee728b)  -> (artifact id: 'bba3b234d98ce8f05453a3d3985cc48b') in 0.036898 seconds
Number of updated asset objects reloaded before import = 0
Number of asset objects unloaded after import = 3
========================================================================
Received Import Request.
  Time since last request: 0.000234 seconds.
  path: Assets/StoneUI/Buttons_512x512/Rock_Yellow/button_rock_yellow43.png
  artifactKey: Guid(6c27b52f05d7f8849bca21dd61f33676) Importer(815301076,1909f56bfc062723c751e8b465ee728b)
Start importing Assets/StoneUI/Buttons_512x512/Rock_Yellow/button_rock_yellow43.png using Guid(6c27b52f05d7f8849bca21dd61f33676) Importer(815301076,1909f56bfc062723c751e8b465ee728b)  -> (artifact id: '9f135550db009898df10759ae581164e') in 0.033619 seconds
Number of updated asset objects reloaded before import = 0
Number of asset objects unloaded after import = 3
========================================================================
Received Import Request.
  Time since last request: 0.000017 seconds.
  path: Assets/StoneUI/Buttons_512x512/Rock_Yellow/button_rock_yellow41.png
  artifactKey: Guid(c60693fabc4a5254e8264cf7798a42a4) Importer(815301076,1909f56bfc062723c751e8b465ee728b)
Start importing Assets/StoneUI/Buttons_512x512/Rock_Yellow/button_rock_yellow41.png using Guid(c60693fabc4a5254e8264cf7798a42a4) Importer(815301076,1909f56bfc062723c751e8b465ee728b)  -> (artifact id: '8c447aa070a07b57b117103f97b93c95') in 0.043844 seconds
Number of updated asset objects reloaded before import = 0
Number of asset objects unloaded after import = 3
========================================================================
Received Import Request.
  Time since last request: 0.062823 seconds.
  path: Assets/StoneUI/Buttons_512x512/Rock_Yellow/button_rock_yellow39.png
  artifactKey: Guid(ea25c5ee5c5dd3244963746666aaf2fd) Importer(815301076,1909f56bfc062723c751e8b465ee728b)
Start importing Assets/StoneUI/Buttons_512x512/Rock_Yellow/button_rock_yellow39.png using Guid(ea25c5ee5c5dd3244963746666aaf2fd) Importer(815301076,1909f56bfc062723c751e8b465ee728b)  -> (artifact id: 'f7707f5b1ddf2cc476787763eada6143') in 0.030633 seconds
Number of updated asset objects reloaded before import = 0
Number of asset objects unloaded after import = 3
========================================================================
Received Import Request.
  Time since last request: 0.000045 seconds.
  path: Assets/StoneUI/Buttons_512x512/Rock_Yellow/button_rock_yellow38.png
  artifactKey: Guid(8ad4efa07e5dbc44aa3d98a594cdc5b4) Importer(815301076,1909f56bfc062723c751e8b465ee728b)
Start importing Assets/StoneUI/Buttons_512x512/Rock_Yellow/button_rock_yellow38.png using Guid(8ad4efa07e5dbc44aa3d98a594cdc5b4) Importer(815301076,1909f56bfc062723c751e8b465ee728b)  -> (artifact id: '420eeee2f18a798227ebf2db83a8ccb7') in 0.048030 seconds
Number of updated asset objects reloaded before import = 0
Number of asset objects unloaded after import = 3
========================================================================
Received Import Request.
  Time since last request: 0.000022 seconds.
  path: Assets/StoneUI/Buttons_512x512/Rock_Yellow/button_rock_yellow37.png
  artifactKey: Guid(6f02683efa272d940bab9f6a2018522a) Importer(815301076,1909f56bfc062723c751e8b465ee728b)
Start importing Assets/StoneUI/Buttons_512x512/Rock_Yellow/button_rock_yellow37.png using Guid(6f02683efa272d940bab9f6a2018522a) Importer(815301076,1909f56bfc062723c751e8b465ee728b)  -> (artifact id: 'f96e59f4308b749824e684b74485266c') in 0.041637 seconds
Number of updated asset objects reloaded before import = 0
Number of asset objects unloaded after import = 3
========================================================================
Received Import Request.
  Time since last request: 0.000773 seconds.
  path: Assets/StoneUI/Buttons_512x512/Rock_Yellow/button_rock_yellow33.png
  artifactKey: Guid(4e4397d8e41348149b1022f3b6716172) Importer(815301076,1909f56bfc062723c751e8b465ee728b)
Start importing Assets/StoneUI/Buttons_512x512/Rock_Yellow/button_rock_yellow33.png using Guid(4e4397d8e41348149b1022f3b6716172) Importer(815301076,1909f56bfc062723c751e8b465ee728b)  -> (artifact id: 'fa5de872e5cdc17c4608a7d263bad2b2') in 0.042844 seconds
Number of updated asset objects reloaded before import = 0
Number of asset objects unloaded after import = 3
========================================================================
Received Import Request.
  Time since last request: 0.096745 seconds.
  path: Assets/StoneUI/Buttons_512x512/Rock_Yellow/button_rock_yellow31.png
  artifactKey: Guid(6004b7e35fce4d54f8ab285c5b00504d) Importer(815301076,1909f56bfc062723c751e8b465ee728b)
Start importing Assets/StoneUI/Buttons_512x512/Rock_Yellow/button_rock_yellow31.png using Guid(6004b7e35fce4d54f8ab285c5b00504d) Importer(815301076,1909f56bfc062723c751e8b465ee728b)  -> (artifact id: 'f0653178dba156e20c2237ced611c154') in 0.033766 seconds
Number of updated asset objects reloaded before import = 0
Number of asset objects unloaded after import = 3
========================================================================
Received Import Request.
  Time since last request: 0.000052 seconds.
  path: Assets/StoneUI/Buttons_512x512/Rock_Yellow/button_rock_yellow27.png
  artifactKey: Guid(aaf9f80d5f8ef52488dec87d925e4e16) Importer(815301076,1909f56bfc062723c751e8b465ee728b)
Start importing Assets/StoneUI/Buttons_512x512/Rock_Yellow/button_rock_yellow27.png using Guid(aaf9f80d5f8ef52488dec87d925e4e16) Importer(815301076,1909f56bfc062723c751e8b465ee728b)  -> (artifact id: 'd4683f9b2076fcd8ed1565501dda43f6') in 0.042294 seconds
Number of updated asset objects reloaded before import = 0
Number of asset objects unloaded after import = 3
========================================================================
Received Import Request.
  Time since last request: 0.000192 seconds.
  path: Assets/StoneUI/Buttons_512x512/Rock_Yellow/button_rock_yellow29.png
  artifactKey: Guid(96955783f2472564fa907129f5f33d20) Importer(815301076,1909f56bfc062723c751e8b465ee728b)
Start importing Assets/StoneUI/Buttons_512x512/Rock_Yellow/button_rock_yellow29.png using Guid(96955783f2472564fa907129f5f33d20) Importer(815301076,1909f56bfc062723c751e8b465ee728b)  -> (artifact id: '5774c480398c7c016bee1da8e4dbdcc1') in 0.042092 seconds
Number of updated asset objects reloaded before import = 0
Number of asset objects unloaded after import = 3
========================================================================
Received Import Request.
  Time since last request: 0.000031 seconds.
  path: Assets/StoneUI/Buttons_512x512/Rock_Yellow/button_rock_yellow26.png
  artifactKey: Guid(da0e48b872039804d8c98cd8b22ee395) Importer(815301076,1909f56bfc062723c751e8b465ee728b)
Start importing Assets/StoneUI/Buttons_512x512/Rock_Yellow/button_rock_yellow26.png using Guid(da0e48b872039804d8c98cd8b22ee395) Importer(815301076,1909f56bfc062723c751e8b465ee728b)  -> (artifact id: '641bac002fba3a404c8c498e6a30d7f3') in 0.035244 seconds
Number of updated asset objects reloaded before import = 0
Number of asset objects unloaded after import = 3
========================================================================
Received Import Request.
  Time since last request: 0.000027 seconds.
  path: Assets/StoneUI/Buttons_512x512/Rock_Yellow/button_rock_yellow24.png
  artifactKey: Guid(9def4701fee70f94da62f52b5db2088a) Importer(815301076,1909f56bfc062723c751e8b465ee728b)
Start importing Assets/StoneUI/Buttons_512x512/Rock_Yellow/button_rock_yellow24.png using Guid(9def4701fee70f94da62f52b5db2088a) Importer(815301076,1909f56bfc062723c751e8b465ee728b)  -> (artifact id: '9f25fbc2a6b0bbed7c54fe2fe50d9e7c') in 0.047112 seconds
Number of updated asset objects reloaded before import = 0
Number of asset objects unloaded after import = 3
========================================================================
Received Import Request.
  Time since last request: 0.076774 seconds.
  path: Assets/StoneUI/Buttons_512x512/Rock_Yellow/button_rock_yellow21.png
  artifactKey: Guid(1a0dc580bfaf92f4ea141788d64a27b4) Importer(815301076,1909f56bfc062723c751e8b465ee728b)
Start importing Assets/StoneUI/Buttons_512x512/Rock_Yellow/button_rock_yellow21.png using Guid(1a0dc580bfaf92f4ea141788d64a27b4) Importer(815301076,1909f56bfc062723c751e8b465ee728b)  -> (artifact id: 'ae91212fbf55bdf884ccc7df1694a7a8') in 0.028225 seconds
Number of updated asset objects reloaded before import = 0
Number of asset objects unloaded after import = 3
========================================================================
Received Import Request.
  Time since last request: 0.000048 seconds.
  path: Assets/StoneUI/Buttons_512x512/Rock_Yellow/button_rock_yellow19.png
  artifactKey: Guid(a3fdb811ebbefa64c90c70bbf3ca7e7f) Importer(815301076,1909f56bfc062723c751e8b465ee728b)
Start importing Assets/StoneUI/Buttons_512x512/Rock_Yellow/button_rock_yellow19.png using Guid(a3fdb811ebbefa64c90c70bbf3ca7e7f) Importer(815301076,1909f56bfc062723c751e8b465ee728b)  -> (artifact id: '7ad4695e3b4fc74286aa2f4745735da8') in 0.045909 seconds
Number of updated asset objects reloaded before import = 0
Number of asset objects unloaded after import = 3
========================================================================
Received Import Request.
  Time since last request: 0.008480 seconds.
  path: Assets/StoneUI/Buttons_512x512/Rock_Yellow/button_rock_yellow17.png
  artifactKey: Guid(466cda644c9860440a27411df01510fe) Importer(815301076,1909f56bfc062723c751e8b465ee728b)
Start importing Assets/StoneUI/Buttons_512x512/Rock_Yellow/button_rock_yellow17.png using Guid(466cda644c9860440a27411df01510fe) Importer(815301076,1909f56bfc062723c751e8b465ee728b)  -> (artifact id: 'a48514ea48cf2d6d379dc16f279d773a') in 0.037635 seconds
Number of updated asset objects reloaded before import = 0
Number of asset objects unloaded after import = 3
========================================================================
Received Import Request.
  Time since last request: 0.024935 seconds.
  path: Assets/StoneUI/Buttons_512x512/Rock_Yellow/button_rock_yellow13.png
  artifactKey: Guid(d2d422490049b4941925883a01d1cd2e) Importer(815301076,1909f56bfc062723c751e8b465ee728b)
Start importing Assets/StoneUI/Buttons_512x512/Rock_Yellow/button_rock_yellow13.png using Guid(d2d422490049b4941925883a01d1cd2e) Importer(815301076,1909f56bfc062723c751e8b465ee728b)  -> (artifact id: '42e449336a22ae9c8ead03266bb1d248') in 0.043092 seconds
Number of updated asset objects reloaded before import = 0
Number of asset objects unloaded after import = 3
========================================================================
Received Import Request.
  Time since last request: 0.001646 seconds.
  path: Assets/StoneUI/Buttons_512x512/Rock_Yellow/button_rock_yellow15.png
  artifactKey: Guid(d454c138a79545747a4b67381ad71322) Importer(815301076,1909f56bfc062723c751e8b465ee728b)
Start importing Assets/StoneUI/Buttons_512x512/Rock_Yellow/button_rock_yellow15.png using Guid(d454c138a79545747a4b67381ad71322) Importer(815301076,1909f56bfc062723c751e8b465ee728b)  -> (artifact id: 'b18f76a51cbeaa6d4b540da98d179ad3') in 0.038177 seconds
Number of updated asset objects reloaded before import = 0
Number of asset objects unloaded after import = 3
========================================================================
Received Import Request.
  Time since last request: 0.087460 seconds.
  path: Assets/StoneUI/Buttons_512x512/Rock_Yellow/button_rock_yellow7.png
  artifactKey: Guid(e95c56f0f386ae043b71e873bf6792cc) Importer(815301076,1909f56bfc062723c751e8b465ee728b)
Start importing Assets/StoneUI/Buttons_512x512/Rock_Yellow/button_rock_yellow7.png using Guid(e95c56f0f386ae043b71e873bf6792cc) Importer(815301076,1909f56bfc062723c751e8b465ee728b)  -> (artifact id: '00ef4bd16403809471c8260fe796ae50') in 0.027207 seconds
Number of updated asset objects reloaded before import = 0
Number of asset objects unloaded after import = 3
========================================================================
Received Import Request.
  Time since last request: 0.000099 seconds.
  path: Assets/StoneUI/Buttons_512x512/Rock_Yellow/button_rock_yellow10.png
  artifactKey: Guid(cf5bb01f4aab25649a463125bd6f4942) Importer(815301076,1909f56bfc062723c751e8b465ee728b)
Start importing Assets/StoneUI/Buttons_512x512/Rock_Yellow/button_rock_yellow10.png using Guid(cf5bb01f4aab25649a463125bd6f4942) Importer(815301076,1909f56bfc062723c751e8b465ee728b)  -> (artifact id: '3914658a756297cd1b6d310c498688f3') in 0.051760 seconds
Number of updated asset objects reloaded before import = 0
Number of asset objects unloaded after import = 3
========================================================================
Received Import Request.
  Time since last request: 0.000050 seconds.
  path: Assets/StoneUI/Buttons_512x512/Rock_Yellow/button_rock_yellow11.png
  artifactKey: Guid(14cde78300bd0d74bac97ee7c33b9170) Importer(815301076,1909f56bfc062723c751e8b465ee728b)
Start importing Assets/StoneUI/Buttons_512x512/Rock_Yellow/button_rock_yellow11.png using Guid(14cde78300bd0d74bac97ee7c33b9170) Importer(815301076,1909f56bfc062723c751e8b465ee728b)  -> (artifact id: 'df04c3c3181e3b3cd6a40e34da8b9388') in 0.049597 seconds
Number of updated asset objects reloaded before import = 0
Number of asset objects unloaded after import = 3
========================================================================
Received Import Request.
  Time since last request: 0.000026 seconds.
  path: Assets/StoneUI/Buttons_512x512/Rock_Yellow/button_rock_yellow6.png
  artifactKey: Guid(0199e1ba804031b42a7d079fab0cccd4) Importer(815301076,1909f56bfc062723c751e8b465ee728b)
Start importing Assets/StoneUI/Buttons_512x512/Rock_Yellow/button_rock_yellow6.png using Guid(0199e1ba804031b42a7d079fab0cccd4) Importer(815301076,1909f56bfc062723c751e8b465ee728b)  -> (artifact id: '4732a50b5794e9ce61ad7b383d1e00dd') in 0.043952 seconds
Number of updated asset objects reloaded before import = 0
Number of asset objects unloaded after import = 3
========================================================================
Received Import Request.
  Time since last request: 0.077899 seconds.
  path: Assets/StoneUI/Buttons_512x512/Rock_Yellow/button_rock_yellow1.png
  artifactKey: Guid(ae8fe121e39461b45bb379ba1e94763e) Importer(815301076,1909f56bfc062723c751e8b465ee728b)
Start importing Assets/StoneUI/Buttons_512x512/Rock_Yellow/button_rock_yellow1.png using Guid(ae8fe121e39461b45bb379ba1e94763e) Importer(815301076,1909f56bfc062723c751e8b465ee728b)  -> (artifact id: '9934ca66a0427bab55f0f3fe1ff2088d') in 0.032043 seconds
Number of updated asset objects reloaded before import = 0
Number of asset objects unloaded after import = 3
========================================================================
Received Import Request.
  Time since last request: 0.000018 seconds.
  path: Assets/StoneUI/Buttons_512x512/Rock_Yellow/button_rock_yellow4.png
  artifactKey: Guid(e5c94235de667ea4dba2b4afb8282279) Importer(815301076,1909f56bfc062723c751e8b465ee728b)
Start importing Assets/StoneUI/Buttons_512x512/Rock_Yellow/button_rock_yellow4.png using Guid(e5c94235de667ea4dba2b4afb8282279) Importer(815301076,1909f56bfc062723c751e8b465ee728b)  -> (artifact id: '4d729cceddc37370e79f17cd160d45ad') in 0.038995 seconds
Number of updated asset objects reloaded before import = 0
Number of asset objects unloaded after import = 3
========================================================================
Received Import Request.
  Time since last request: 0.000022 seconds.
  path: Assets/StoneUI/Buttons_512x512/Rock_Violet/button_rock_violet50.png
  artifactKey: Guid(927d2af42d1910a41a84d5353aa1d5c2) Importer(815301076,1909f56bfc062723c751e8b465ee728b)
Start importing Assets/StoneUI/Buttons_512x512/Rock_Violet/button_rock_violet50.png using Guid(927d2af42d1910a41a84d5353aa1d5c2) Importer(815301076,1909f56bfc062723c751e8b465ee728b)  -> (artifact id: 'fa5f5be1ba6c81749585e1dbfbf47955') in 0.041664 seconds
Number of updated asset objects reloaded before import = 0
Number of asset objects unloaded after import = 3
========================================================================
Received Import Request.
  Time since last request: 0.000067 seconds.
  path: Assets/StoneUI/Buttons_512x512/Rock_Violet/button_rock_violet48.png
  artifactKey: Guid(9944879c749849c4591055b2cef38e8b) Importer(815301076,1909f56bfc062723c751e8b465ee728b)
Start importing Assets/StoneUI/Buttons_512x512/Rock_Violet/button_rock_violet48.png using Guid(9944879c749849c4591055b2cef38e8b) Importer(815301076,1909f56bfc062723c751e8b465ee728b)  -> (artifact id: 'cb817d402f4a46fdad8537c53f28a61e') in 0.045126 seconds
Number of updated asset objects reloaded before import = 0
Number of asset objects unloaded after import = 3
========================================================================
Received Import Request.
  Time since last request: 0.000016 seconds.
  path: Assets/StoneUI/Buttons_512x512/Rock_Violet/button_rock_violet47.png
  artifactKey: Guid(00d756e677c61ef4e98c6fba65944935) Importer(815301076,1909f56bfc062723c751e8b465ee728b)
Start importing Assets/StoneUI/Buttons_512x512/Rock_Violet/button_rock_violet47.png using Guid(00d756e677c61ef4e98c6fba65944935) Importer(815301076,1909f56bfc062723c751e8b465ee728b)  -> (artifact id: '768f443a6c686fd33cd72e3cd26ed769') in 0.047385 seconds
Number of updated asset objects reloaded before import = 0
Number of asset objects unloaded after import = 3
========================================================================
Received Import Request.
  Time since last request: 0.094300 seconds.
  path: Assets/StoneUI/Buttons_512x512/Rock_Violet/button_rock_violet44.png
  artifactKey: Guid(41d28e8c36a52cd45be5d71f1042d31d) Importer(815301076,1909f56bfc062723c751e8b465ee728b)
Start importing Assets/StoneUI/Buttons_512x512/Rock_Violet/button_rock_violet44.png using Guid(41d28e8c36a52cd45be5d71f1042d31d) Importer(815301076,1909f56bfc062723c751e8b465ee728b)  -> (artifact id: '3ef1157ca9f3f2e386c5dfc5b28b1433') in 0.027589 seconds
Number of updated asset objects reloaded before import = 0
Number of asset objects unloaded after import = 3
========================================================================
Received Import Request.
  Time since last request: 0.000017 seconds.
  path: Assets/StoneUI/Buttons_512x512/Rock_Violet/button_rock_violet43.png
  artifactKey: Guid(22d19ed45159a904e9f3a245a4c7d233) Importer(815301076,1909f56bfc062723c751e8b465ee728b)
Start importing Assets/StoneUI/Buttons_512x512/Rock_Violet/button_rock_violet43.png using Guid(22d19ed45159a904e9f3a245a4c7d233) Importer(815301076,1909f56bfc062723c751e8b465ee728b)  -> (artifact id: '57abd1bf529aa98276aef291783c050a') in 0.043526 seconds
Number of updated asset objects reloaded before import = 0
Number of asset objects unloaded after import = 3
========================================================================
Received Import Request.
  Time since last request: 0.000058 seconds.
  path: Assets/StoneUI/Buttons_512x512/Rock_Violet/button_rock_violet41.png
  artifactKey: Guid(47f0a408540d6ab489cd8d7cf2cf0ee8) Importer(815301076,1909f56bfc062723c751e8b465ee728b)
Start importing Assets/StoneUI/Buttons_512x512/Rock_Violet/button_rock_violet41.png using Guid(47f0a408540d6ab489cd8d7cf2cf0ee8) Importer(815301076,1909f56bfc062723c751e8b465ee728b)  -> (artifact id: '4ad4108219a49039c8a820da3b0deab2') in 0.044025 seconds
Number of updated asset objects reloaded before import = 0
Number of asset objects unloaded after import = 3
========================================================================
Received Import Request.
  Time since last request: 0.000018 seconds.
  path: Assets/StoneUI/Buttons_512x512/Rock_Violet/button_rock_violet40.png
  artifactKey: Guid(20fbf63bba92d0743a3ce8104bfcc7fe) Importer(815301076,1909f56bfc062723c751e8b465ee728b)
Start importing Assets/StoneUI/Buttons_512x512/Rock_Violet/button_rock_violet40.png using Guid(20fbf63bba92d0743a3ce8104bfcc7fe) Importer(815301076,1909f56bfc062723c751e8b465ee728b)  -> (artifact id: 'b7539f1d259f95b33513c352376fc983') in 0.033340 seconds
Number of updated asset objects reloaded before import = 0
Number of asset objects unloaded after import = 3
========================================================================
Received Import Request.
  Time since last request: 0.000023 seconds.
  path: Assets/StoneUI/Buttons_512x512/Rock_Violet/button_rock_violet42.png
  artifactKey: Guid(f1e31de7735d3c442adf7e411b8e4529) Importer(815301076,1909f56bfc062723c751e8b465ee728b)
Start importing Assets/StoneUI/Buttons_512x512/Rock_Violet/button_rock_violet42.png using Guid(f1e31de7735d3c442adf7e411b8e4529) Importer(815301076,1909f56bfc062723c751e8b465ee728b)  -> (artifact id: '1c092c18a64ebe925bb48674d406ad43') in 0.046809 seconds
Number of updated asset objects reloaded before import = 0
Number of asset objects unloaded after import = 3
========================================================================
Received Import Request.
  Time since last request: 0.000022 seconds.
  path: Assets/StoneUI/Buttons_512x512/Rock_Violet/button_rock_violet37.png
  artifactKey: Guid(5d9e0d50c6af1d14db2869275ea25603) Importer(815301076,1909f56bfc062723c751e8b465ee728b)
Start importing Assets/StoneUI/Buttons_512x512/Rock_Violet/button_rock_violet37.png using Guid(5d9e0d50c6af1d14db2869275ea25603) Importer(815301076,1909f56bfc062723c751e8b465ee728b)  -> (artifact id: 'b367bf66ef39a44b0e4a92d51cefa4d2') in 0.045156 seconds
Number of updated asset objects reloaded before import = 0
Number of asset objects unloaded after import = 3
========================================================================
Received Import Request.
  Time since last request: 0.065292 seconds.
  path: Assets/StoneUI/Buttons_512x512/Rock_Violet/button_rock_violet28.png
  artifactKey: Guid(63a625052454b3a4f9d5fca20cd838f8) Importer(815301076,1909f56bfc062723c751e8b465ee728b)
Start importing Assets/StoneUI/Buttons_512x512/Rock_Violet/button_rock_violet28.png using Guid(63a625052454b3a4f9d5fca20cd838f8) Importer(815301076,1909f56bfc062723c751e8b465ee728b)  -> (artifact id: 'eaccbd236bb73e73a4c38e2adb3c3953') in 0.026214 seconds
Number of updated asset objects reloaded before import = 0
Number of asset objects unloaded after import = 3
========================================================================
Received Import Request.
  Time since last request: 0.000026 seconds.
  path: Assets/StoneUI/Buttons_512x512/Rock_Violet/button_rock_violet30.png
  artifactKey: Guid(f839927aeeb1da940bfcdad0538cb19b) Importer(815301076,1909f56bfc062723c751e8b465ee728b)
Start importing Assets/StoneUI/Buttons_512x512/Rock_Violet/button_rock_violet30.png using Guid(f839927aeeb1da940bfcdad0538cb19b) Importer(815301076,1909f56bfc062723c751e8b465ee728b)  -> (artifact id: '727abaf357d30237f4c0052370c4a414') in 0.037198 seconds
Number of updated asset objects reloaded before import = 0
Number of asset objects unloaded after import = 3
========================================================================
Received Import Request.
  Time since last request: 0.000504 seconds.
  path: Assets/StoneUI/Buttons_512x512/Rock_Violet/button_rock_violet31.png
  artifactKey: Guid(a04785e0587a4b64d9c80453ab487f3f) Importer(815301076,1909f56bfc062723c751e8b465ee728b)
Start importing Assets/StoneUI/Buttons_512x512/Rock_Violet/button_rock_violet31.png using Guid(a04785e0587a4b64d9c80453ab487f3f) Importer(815301076,1909f56bfc062723c751e8b465ee728b)  -> (artifact id: '02a93d170df76e437f8fb2ec559bba17') in 0.040342 seconds
Number of updated asset objects reloaded before import = 0
Number of asset objects unloaded after import = 3
========================================================================
Received Import Request.
  Time since last request: 0.000023 seconds.
  path: Assets/StoneUI/Buttons_512x512/Rock_Violet/button_rock_violet26.png
  artifactKey: Guid(70c35278dbbb14a47b5ecf721b70cffd) Importer(815301076,1909f56bfc062723c751e8b465ee728b)
Start importing Assets/StoneUI/Buttons_512x512/Rock_Violet/button_rock_violet26.png using Guid(70c35278dbbb14a47b5ecf721b70cffd) Importer(815301076,1909f56bfc062723c751e8b465ee728b)  -> (artifact id: 'b1080ffacc3c07a0ec9c00f0c4d8ab08') in 0.038125 seconds
Number of updated asset objects reloaded before import = 0
Number of asset objects unloaded after import = 3
========================================================================
Received Import Request.
  Time since last request: 0.107810 seconds.
  path: Assets/StoneUI/Buttons_512x512/Rock_Violet/button_rock_violet24.png
  artifactKey: Guid(c0d73eaaecf713f43963a771292c8677) Importer(815301076,1909f56bfc062723c751e8b465ee728b)
Start importing Assets/StoneUI/Buttons_512x512/Rock_Violet/button_rock_violet24.png using Guid(c0d73eaaecf713f43963a771292c8677) Importer(815301076,1909f56bfc062723c751e8b465ee728b)  -> (artifact id: '9686cc490e02863ff96d37735b9e61dd') in 0.027252 seconds
Number of updated asset objects reloaded before import = 0
Number of asset objects unloaded after import = 3
========================================================================
Received Import Request.
  Time since last request: 0.000019 seconds.
  path: Assets/StoneUI/Buttons_512x512/Rock_Violet/button_rock_violet21.png
  artifactKey: Guid(52c96dfa14775f645bc9980f824c3c39) Importer(815301076,1909f56bfc062723c751e8b465ee728b)
Start importing Assets/StoneUI/Buttons_512x512/Rock_Violet/button_rock_violet21.png using Guid(52c96dfa14775f645bc9980f824c3c39) Importer(815301076,1909f56bfc062723c751e8b465ee728b)  -> (artifact id: 'acdbd970cf582e0335f9bb2eea0f9877') in 0.038471 seconds
Number of updated asset objects reloaded before import = 0
Number of asset objects unloaded after import = 3
========================================================================
Received Import Request.
  Time since last request: 0.000015 seconds.
  path: Assets/StoneUI/Buttons_512x512/Rock_Violet/button_rock_violet20.png
  artifactKey: Guid(c8f0d92da6e55594988f9457d79e66d8) Importer(815301076,1909f56bfc062723c751e8b465ee728b)
Start importing Assets/StoneUI/Buttons_512x512/Rock_Violet/button_rock_violet20.png using Guid(c8f0d92da6e55594988f9457d79e66d8) Importer(815301076,1909f56bfc062723c751e8b465ee728b)  -> (artifact id: 'f64af6bb89d6235d39eab123543dff48') in 0.030101 seconds
Number of updated asset objects reloaded before import = 0
Number of asset objects unloaded after import = 3
========================================================================
Received Import Request.
  Time since last request: 0.106017 seconds.
  path: Assets/StoneUI/Buttons_512x512/Rock_Violet/button_rock_violet18.png
  artifactKey: Guid(0c23954909f2f0248ab3765b1c997851) Importer(815301076,1909f56bfc062723c751e8b465ee728b)
Start importing Assets/StoneUI/Buttons_512x512/Rock_Violet/button_rock_violet18.png using Guid(0c23954909f2f0248ab3765b1c997851) Importer(815301076,1909f56bfc062723c751e8b465ee728b)  -> (artifact id: '0df46528e5d4f6e87f68134105ba8180') in 0.030210 seconds
Number of updated asset objects reloaded before import = 0
Number of asset objects unloaded after import = 3
========================================================================
Received Import Request.
  Time since last request: 0.000014 seconds.
  path: Assets/StoneUI/Buttons_512x512/Rock_Violet/button_rock_violet16.png
  artifactKey: Guid(cc38a0c66fbfccf4f9ec771dbc5ae303) Importer(815301076,1909f56bfc062723c751e8b465ee728b)
Start importing Assets/StoneUI/Buttons_512x512/Rock_Violet/button_rock_violet16.png using Guid(cc38a0c66fbfccf4f9ec771dbc5ae303) Importer(815301076,1909f56bfc062723c751e8b465ee728b)  -> (artifact id: '165a4e7f905d27ea14d98d8168c21dc3') in 0.039075 seconds
Number of updated asset objects reloaded before import = 0
Number of asset objects unloaded after import = 3
========================================================================
Received Import Request.
  Time since last request: 0.068196 seconds.
  path: Assets/StoneUI/Buttons_512x512/Rock_Violet/button_rock_violet14.png
  artifactKey: Guid(5cd3dce98d33b1444941ce4b35c7e39f) Importer(815301076,1909f56bfc062723c751e8b465ee728b)
Start importing Assets/StoneUI/Buttons_512x512/Rock_Violet/button_rock_violet14.png using Guid(5cd3dce98d33b1444941ce4b35c7e39f) Importer(815301076,1909f56bfc062723c751e8b465ee728b)  -> (artifact id: '1a50c6a6f8460ce98a5f393a29915715') in 0.026224 seconds
Number of updated asset objects reloaded before import = 0
Number of asset objects unloaded after import = 3
========================================================================
Received Import Request.
  Time since last request: 0.093803 seconds.
  path: Assets/StoneUI/Buttons_512x512/Rock_Violet/button_rock_violet12.png
  artifactKey: Guid(801c06100f3580e4a8f1474432710631) Importer(815301076,1909f56bfc062723c751e8b465ee728b)
Start importing Assets/StoneUI/Buttons_512x512/Rock_Violet/button_rock_violet12.png using Guid(801c06100f3580e4a8f1474432710631) Importer(815301076,1909f56bfc062723c751e8b465ee728b)  -> (artifact id: '57ee6b4bf2fbcd2fb2cbdca77ca6aec1') in 0.033070 seconds
Number of updated asset objects reloaded before import = 0
Number of asset objects unloaded after import = 3
========================================================================
Received Import Request.
  Time since last request: 0.000072 seconds.
  path: Assets/StoneUI/Buttons_512x512/Rock_Violet/button_rock_violet8.png
  artifactKey: Guid(c8dd966c2ef12634e821ea6eadcc1f5e) Importer(815301076,1909f56bfc062723c751e8b465ee728b)
Start importing Assets/StoneUI/Buttons_512x512/Rock_Violet/button_rock_violet8.png using Guid(c8dd966c2ef12634e821ea6eadcc1f5e) Importer(815301076,1909f56bfc062723c751e8b465ee728b)  -> (artifact id: '6b882a59c1d8fef59d039d66f745c2b1') in 0.047746 seconds
Number of updated asset objects reloaded before import = 0
Number of asset objects unloaded after import = 3
========================================================================
Received Import Request.
  Time since last request: 0.000203 seconds.
  path: Assets/StoneUI/Buttons_512x512/Rock_Violet/button_rock_violet11.png
  artifactKey: Guid(413f7365abfdd6a408fb1ea8140e970e) Importer(815301076,1909f56bfc062723c751e8b465ee728b)
Start importing Assets/StoneUI/Buttons_512x512/Rock_Violet/button_rock_violet11.png using Guid(413f7365abfdd6a408fb1ea8140e970e) Importer(815301076,1909f56bfc062723c751e8b465ee728b)  -> (artifact id: '08fa2c672ea41ea00be61de0f77ae961') in 0.044492 seconds
Number of updated asset objects reloaded before import = 0
Number of asset objects unloaded after import = 3
========================================================================
Received Import Request.
  Time since last request: 0.021181 seconds.
  path: Assets/StoneUI/Buttons_512x512/Rock_Violet/button_rock_violet4.png
  artifactKey: Guid(275fda9144d6d874d9fc6f1151733f0a) Importer(815301076,1909f56bfc062723c751e8b465ee728b)
Start importing Assets/StoneUI/Buttons_512x512/Rock_Violet/button_rock_violet4.png using Guid(275fda9144d6d874d9fc6f1151733f0a) Importer(815301076,1909f56bfc062723c751e8b465ee728b)  -> (artifact id: 'c0596a57d8658529038b907b5e6a79e3') in 0.047369 seconds
Number of updated asset objects reloaded before import = 0
Number of asset objects unloaded after import = 3
========================================================================
Received Import Request.
  Time since last request: 0.000027 seconds.
  path: Assets/StoneUI/Buttons_512x512/Rock_Violet/button_rock_violet7.png
  artifactKey: Guid(bb170a4159f038d4d92cb8195db2a097) Importer(815301076,1909f56bfc062723c751e8b465ee728b)
Start importing Assets/StoneUI/Buttons_512x512/Rock_Violet/button_rock_violet7.png using Guid(bb170a4159f038d4d92cb8195db2a097) Importer(815301076,1909f56bfc062723c751e8b465ee728b)  -> (artifact id: '81d16d0274aee227e87749dbcd4e3eb3') in 0.043321 seconds
Number of updated asset objects reloaded before import = 0
Number of asset objects unloaded after import = 3
========================================================================
Received Import Request.
  Time since last request: 0.083689 seconds.
  path: Assets/StoneUI/Buttons_512x512/Rock_Red/button_rock_red49.png
  artifactKey: Guid(a87d11d4aea78a14fb3bc9a3beb11e6f) Importer(815301076,1909f56bfc062723c751e8b465ee728b)
Start importing Assets/StoneUI/Buttons_512x512/Rock_Red/button_rock_red49.png using Guid(a87d11d4aea78a14fb3bc9a3beb11e6f) Importer(815301076,1909f56bfc062723c751e8b465ee728b)  -> (artifact id: '686524e3d4c045aceb4b3fe573a4ae7e') in 0.029759 seconds
Number of updated asset objects reloaded before import = 0
Number of asset objects unloaded after import = 3
========================================================================
Received Import Request.
  Time since last request: 0.000021 seconds.
  path: Assets/StoneUI/Samples/button_rock_violet.png
  artifactKey: Guid(1dd812a69a4277846bd6baee46890aba) Importer(815301076,1909f56bfc062723c751e8b465ee728b)
Start importing Assets/StoneUI/Samples/button_rock_violet.png using Guid(1dd812a69a4277846bd6baee46890aba) Importer(815301076,1909f56bfc062723c751e8b465ee728b)  -> (artifact id: '757ed2ccd30c74248068422b4951dbd8') in 0.051168 seconds
Number of updated asset objects reloaded before import = 0
Number of asset objects unloaded after import = 3
========================================================================
Received Import Request.
  Time since last request: 0.000022 seconds.
  path: Assets/StoneUI/Buttons_512x512/Rock_Red/button_rock_red47.png
  artifactKey: Guid(e4ee63621322db1419d1270955db4eb7) Importer(815301076,1909f56bfc062723c751e8b465ee728b)
Start importing Assets/StoneUI/Buttons_512x512/Rock_Red/button_rock_red47.png using Guid(e4ee63621322db1419d1270955db4eb7) Importer(815301076,1909f56bfc062723c751e8b465ee728b)  -> (artifact id: '153ffb0b75173147a6df4353982d13ce') in 0.036760 seconds
Number of updated asset objects reloaded before import = 0
Number of asset objects unloaded after import = 3
========================================================================
Received Import Request.
  Time since last request: 0.000018 seconds.
  path: Assets/StoneUI/Buttons_512x512/Rock_Violet/button_rock_violet2.png
  artifactKey: Guid(1ca8977e55b89b240ae7cd5ee8add810) Importer(815301076,1909f56bfc062723c751e8b465ee728b)
Start importing Assets/StoneUI/Buttons_512x512/Rock_Violet/button_rock_violet2.png using Guid(1ca8977e55b89b240ae7cd5ee8add810) Importer(815301076,1909f56bfc062723c751e8b465ee728b)  -> (artifact id: '3ea7610de02cd1796eaac1663367f570') in 0.033416 seconds
Number of updated asset objects reloaded before import = 0
Number of asset objects unloaded after import = 3
========================================================================
Received Import Request.
  Time since last request: 0.097232 seconds.
  path: Assets/StoneUI/Buttons_512x512/Rock_Red/button_rock_red43.png
  artifactKey: Guid(a3fd1ebc89178f4489503c48d6ed17c8) Importer(815301076,1909f56bfc062723c751e8b465ee728b)
Start importing Assets/StoneUI/Buttons_512x512/Rock_Red/button_rock_red43.png using Guid(a3fd1ebc89178f4489503c48d6ed17c8) Importer(815301076,1909f56bfc062723c751e8b465ee728b)  -> (artifact id: '89ac68bc6c1e8101eadb7dbc1b4bae27') in 0.026816 seconds
Number of updated asset objects reloaded before import = 0
Number of asset objects unloaded after import = 3
========================================================================
Received Import Request.
  Time since last request: 0.000746 seconds.
  path: Assets/StoneUI/Buttons_512x512/Rock_Red/button_rock_red42.png
  artifactKey: Guid(00c1170cbdb14954bb7b33326b1f0f5f) Importer(815301076,1909f56bfc062723c751e8b465ee728b)
Start importing Assets/StoneUI/Buttons_512x512/Rock_Red/button_rock_red42.png using Guid(00c1170cbdb14954bb7b33326b1f0f5f) Importer(815301076,1909f56bfc062723c751e8b465ee728b)  -> (artifact id: '352df3e5f5d0d534828d52e80ab66872') in 0.042245 seconds
Number of updated asset objects reloaded before import = 0
Number of asset objects unloaded after import = 3
========================================================================
Received Import Request.
  Time since last request: 0.000027 seconds.
  path: Assets/StoneUI/Buttons_512x512/Rock_Red/button_rock_red45.png
  artifactKey: Guid(9fa3aab13f262e1459838ee87baec395) Importer(815301076,1909f56bfc062723c751e8b465ee728b)
Start importing Assets/StoneUI/Buttons_512x512/Rock_Red/button_rock_red45.png using Guid(9fa3aab13f262e1459838ee87baec395) Importer(815301076,1909f56bfc062723c751e8b465ee728b)  -> (artifact id: '29f7e0ae0c0f54c3823f882431a74c4e') in 0.034236 seconds
Number of updated asset objects reloaded before import = 0
Number of asset objects unloaded after import = 3
========================================================================
Received Import Request.
  Time since last request: 0.030720 seconds.
  path: Assets/StoneUI/Buttons_512x512/Rock_Red/button_rock_red39.png
  artifactKey: Guid(15cab8bef6b9f514aa16354a3adccfc6) Importer(815301076,1909f56bfc062723c751e8b465ee728b)
Start importing Assets/StoneUI/Buttons_512x512/Rock_Red/button_rock_red39.png using Guid(15cab8bef6b9f514aa16354a3adccfc6) Importer(815301076,1909f56bfc062723c751e8b465ee728b)  -> (artifact id: '65ad64f8294075ca8ce8b583ab383a8c') in 0.036939 seconds
Number of updated asset objects reloaded before import = 0
Number of asset objects unloaded after import = 3
========================================================================
Received Import Request.
  Time since last request: 0.120928 seconds.
  path: Assets/StoneUI/Buttons_512x512/Rock_Red/button_rock_red37.png
  artifactKey: Guid(8647d8c6429232b4faadef752087a3bf) Importer(815301076,1909f56bfc062723c751e8b465ee728b)
Start importing Assets/StoneUI/Buttons_512x512/Rock_Red/button_rock_red37.png using Guid(8647d8c6429232b4faadef752087a3bf) Importer(815301076,1909f56bfc062723c751e8b465ee728b)  -> (artifact id: '0a3dea905657e87e27bca9f83f53804d') in 0.029353 seconds
Number of updated asset objects reloaded before import = 0
Number of asset objects unloaded after import = 3
========================================================================
Received Import Request.
  Time since last request: 0.001221 seconds.
  path: Assets/StoneUI/Buttons_512x512/Rock_Red/button_rock_red35.png
  artifactKey: Guid(fc51eb813fa6cd44081830067fb6c3ee) Importer(815301076,1909f56bfc062723c751e8b465ee728b)
Start importing Assets/StoneUI/Buttons_512x512/Rock_Red/button_rock_red35.png using Guid(fc51eb813fa6cd44081830067fb6c3ee) Importer(815301076,1909f56bfc062723c751e8b465ee728b)  -> (artifact id: '3c82b98e6347d680dbaa3e6fbfaca073') in 0.044997 seconds
Number of updated asset objects reloaded before import = 0
Number of asset objects unloaded after import = 3
========================================================================
Received Import Request.
  Time since last request: 0.065901 seconds.
  path: Assets/StoneUI/Buttons_512x512/Rock_Red/button_rock_red33.png
  artifactKey: Guid(c78991bc564505a42bfd548381b0292d) Importer(815301076,1909f56bfc062723c751e8b465ee728b)
Start importing Assets/StoneUI/Buttons_512x512/Rock_Red/button_rock_red33.png using Guid(c78991bc564505a42bfd548381b0292d) Importer(815301076,1909f56bfc062723c751e8b465ee728b)  -> (artifact id: 'fbf39e153a29b58c7a5dad83a4844cab') in 0.028009 seconds
Number of updated asset objects reloaded before import = 0
Number of asset objects unloaded after import = 3
========================================================================
Received Import Request.
  Time since last request: 0.000016 seconds.
  path: Assets/StoneUI/Buttons_512x512/Rock_Red/button_rock_red29.png
  artifactKey: Guid(f35eba6beb75ec54ea61188166a4ae5c) Importer(815301076,1909f56bfc062723c751e8b465ee728b)
Start importing Assets/StoneUI/Buttons_512x512/Rock_Red/button_rock_red29.png using Guid(f35eba6beb75ec54ea61188166a4ae5c) Importer(815301076,1909f56bfc062723c751e8b465ee728b)  -> (artifact id: '68398d901564b18920fb254a22eaf4dc') in 0.039987 seconds
Number of updated asset objects reloaded before import = 0
Number of asset objects unloaded after import = 3
========================================================================
Received Import Request.
  Time since last request: 0.000019 seconds.
  path: Assets/StoneUI/Buttons_512x512/Rock_Red/button_rock_red30.png
  artifactKey: Guid(d22d85e26eb359342b65eb52734bd221) Importer(815301076,1909f56bfc062723c751e8b465ee728b)
Start importing Assets/StoneUI/Buttons_512x512/Rock_Red/button_rock_red30.png using Guid(d22d85e26eb359342b65eb52734bd221) Importer(815301076,1909f56bfc062723c751e8b465ee728b)  -> (artifact id: 'ca000c187b5e552a985e67242f187db3') in 0.040905 seconds
Number of updated asset objects reloaded before import = 0
Number of asset objects unloaded after import = 3
========================================================================
Received Import Request.
  Time since last request: 0.027768 seconds.
  path: Assets/StoneUI/Buttons_512x512/Rock_Red/button_rock_red25.png
  artifactKey: Guid(9bec1401bdae9b845a3b3f1cba80ef7a) Importer(815301076,1909f56bfc062723c751e8b465ee728b)
Start importing Assets/StoneUI/Buttons_512x512/Rock_Red/button_rock_red25.png using Guid(9bec1401bdae9b845a3b3f1cba80ef7a) Importer(815301076,1909f56bfc062723c751e8b465ee728b)  -> (artifact id: '77b79761f1562fdbff96786c3e49dd98') in 0.039708 seconds
Number of updated asset objects reloaded before import = 0
Number of asset objects unloaded after import = 3
========================================================================
Received Import Request.
  Time since last request: 0.000020 seconds.
  path: Assets/StoneUI/Buttons_512x512/Rock_Red/button_rock_red27.png
  artifactKey: Guid(c8b8c283f01adf34dba89442bedc7331) Importer(815301076,1909f56bfc062723c751e8b465ee728b)
Start importing Assets/StoneUI/Buttons_512x512/Rock_Red/button_rock_red27.png using Guid(c8b8c283f01adf34dba89442bedc7331) Importer(815301076,1909f56bfc062723c751e8b465ee728b)  -> (artifact id: 'd10639c39c066c7959d4a6e38ae16fe4') in 0.041081 seconds
Number of updated asset objects reloaded before import = 0
Number of asset objects unloaded after import = 3
========================================================================
Received Import Request.
  Time since last request: 0.000104 seconds.
  path: Assets/StoneUI/Buttons_512x512/Rock_Red/button_rock_red21.png
  artifactKey: Guid(f1a89536f7675754ab348d22cb5513d6) Importer(815301076,1909f56bfc062723c751e8b465ee728b)
Start importing Assets/StoneUI/Buttons_512x512/Rock_Red/button_rock_red21.png using Guid(f1a89536f7675754ab348d22cb5513d6) Importer(815301076,1909f56bfc062723c751e8b465ee728b)  -> (artifact id: '580e8d8bacd2c5437410294fc789497a') in 0.040458 seconds
Number of updated asset objects reloaded before import = 0
Number of asset objects unloaded after import = 3
========================================================================
Received Import Request.
  Time since last request: 0.000022 seconds.
  path: Assets/StoneUI/Buttons_512x512/Rock_Red/button_rock_red23.png
  artifactKey: Guid(f7277bee8c77a2141ac14df7e1addb38) Importer(815301076,1909f56bfc062723c751e8b465ee728b)
Start importing Assets/StoneUI/Buttons_512x512/Rock_Red/button_rock_red23.png using Guid(f7277bee8c77a2141ac14df7e1addb38) Importer(815301076,1909f56bfc062723c751e8b465ee728b)  -> (artifact id: 'cda3474f1316e5f66b8c5381c41f5a64') in 0.049568 seconds
Number of updated asset objects reloaded before import = 0
Number of asset objects unloaded after import = 3
========================================================================
Received Import Request.
  Time since last request: 0.000162 seconds.
  path: Assets/StoneUI/Buttons_512x512/Rock_Red/button_rock_red20.png
  artifactKey: Guid(1aab08cce82ce394a9f24c716bfc1edd) Importer(815301076,1909f56bfc062723c751e8b465ee728b)
Start importing Assets/StoneUI/Buttons_512x512/Rock_Red/button_rock_red20.png using Guid(1aab08cce82ce394a9f24c716bfc1edd) Importer(815301076,1909f56bfc062723c751e8b465ee728b)  -> (artifact id: '6a6cb01a3694684de0b5e989292cf144') in 0.045246 seconds
Number of updated asset objects reloaded before import = 0
Number of asset objects unloaded after import = 3
========================================================================
Received Import Request.
  Time since last request: 0.000083 seconds.
  path: Assets/StoneUI/Buttons_512x512/Rock_Red/button_rock_red18.png
  artifactKey: Guid(d76cba25053bedd46840af96f27990e4) Importer(815301076,1909f56bfc062723c751e8b465ee728b)
Start importing Assets/StoneUI/Buttons_512x512/Rock_Red/button_rock_red18.png using Guid(d76cba25053bedd46840af96f27990e4) Importer(815301076,1909f56bfc062723c751e8b465ee728b)  -> (artifact id: '38a6bd2c4db0224f77fa575910e5db0f') in 0.039876 seconds
Number of updated asset objects reloaded before import = 0
Number of asset objects unloaded after import = 3
========================================================================
Received Import Request.
  Time since last request: 0.000046 seconds.
  path: Assets/StoneUI/Buttons_512x512/Rock_Red/button_rock_red14.png
  artifactKey: Guid(c27c6671b90db3744970d40cee4be469) Importer(815301076,1909f56bfc062723c751e8b465ee728b)
Start importing Assets/StoneUI/Buttons_512x512/Rock_Red/button_rock_red14.png using Guid(c27c6671b90db3744970d40cee4be469) Importer(815301076,1909f56bfc062723c751e8b465ee728b)  -> (artifact id: '64217784037353d60af25685ce564e8b') in 0.035319 seconds
Number of updated asset objects reloaded before import = 0
Number of asset objects unloaded after import = 3
========================================================================
Received Import Request.
  Time since last request: 0.000015 seconds.
  path: Assets/StoneUI/Buttons_512x512/Rock_Red/button_rock_red24.png
  artifactKey: Guid(324e0ce7566a6ef4a95d2fd4f3bb3803) Importer(815301076,1909f56bfc062723c751e8b465ee728b)
Start importing Assets/StoneUI/Buttons_512x512/Rock_Red/button_rock_red24.png using Guid(324e0ce7566a6ef4a95d2fd4f3bb3803) Importer(815301076,1909f56bfc062723c751e8b465ee728b)  -> (artifact id: 'be3ee5280a8039fbb72b7e5eba7f5028') in 0.038980 seconds
Number of updated asset objects reloaded before import = 0
Number of asset objects unloaded after import = 3
